Started GET "/" for 127.0.0.1 at 2018-12-05 11:17:21 +0900
  
ActiveRecord::PendingMigrationError (

Migrations are pending. To resolve this issue, run:

        bin/rails db:migrate RAILS_ENV=development

):
  
activerecord (5.2.1) lib/active_record/migration.rb:579:in `check_pending!'
activerecord (5.2.1) lib/active_record/migration.rb:556:in `call'
actionpack (5.2.1) lib/action_dispatch/middleware/callbacks.rb:28:in `block in call'
activesupport (5.2.1) lib/active_support/callbacks.rb:98:in `run_callbacks'
actionpack (5.2.1) lib/action_dispatch/middleware/callbacks.rb:26:in `call'
actionpack (5.2.1) lib/action_dispatch/middleware/executor.rb:14:in `call'
actionpack (5.2.1) lib/action_dispatch/middleware/debug_exceptions.rb:61:in `call'
web-console (3.7.0) lib/web_console/middleware.rb:135:in `call_app'
web-console (3.7.0) lib/web_console/middleware.rb:30:in `block in call'
web-console (3.7.0) lib/web_console/middleware.rb:20:in `catch'
web-console (3.7.0) lib/web_console/middleware.rb:20:in `call'
actionpack (5.2.1) lib/action_dispatch/middleware/show_exceptions.rb:33:in `call'
railties (5.2.1) lib/rails/rack/logger.rb:38:in `call_app'
railties (5.2.1) lib/rails/rack/logger.rb:26:in `block in call'
activesupport (5.2.1) lib/active_support/tagged_logging.rb:71:in `block in tagged'
activesupport (5.2.1) lib/active_support/tagged_logging.rb:28:in `tagged'
activesupport (5.2.1) lib/active_support/tagged_logging.rb:71:in `tagged'
railties (5.2.1) lib/rails/rack/logger.rb:26:in `call'
sprockets-rails (3.2.1) lib/sprockets/rails/quiet_assets.rb:13:in `call'
actionpack (5.2.1) lib/action_dispatch/middleware/remote_ip.rb:81:in `call'
actionpack (5.2.1) lib/action_dispatch/middleware/request_id.rb:27:in `call'
rack (2.0.6) lib/rack/method_override.rb:22:in `call'
rack (2.0.6) lib/rack/runtime.rb:22:in `call'
activesupport (5.2.1) lib/active_support/cache/strategy/local_cache_middleware.rb:29:in `call'
actionpack (5.2.1) lib/action_dispatch/middleware/executor.rb:14:in `call'
actionpack (5.2.1) lib/action_dispatch/middleware/static.rb:127:in `call'
rack (2.0.6) lib/rack/sendfile.rb:111:in `call'
railties (5.2.1) lib/rails/engine.rb:524:in `call'
puma (3.12.0) lib/puma/configuration.rb:225:in `call'
puma (3.12.0) lib/puma/server.rb:658:in `handle_request'
puma (3.12.0) lib/puma/server.rb:472:in `process_client'
puma (3.12.0) lib/puma/server.rb:332:in `block in run'
puma (3.12.0) lib/puma/thread_pool.rb:133:in `block in spawn_thread'
  [1m[35m (422.0ms)[0m  [1m[35mCREATE TABLE "schema_migrations" ("version" character varying NOT NULL PRIMARY KEY)[0m
  ↳ bin/rails:9
  [1m[35m (44.7ms)[0m  [1m[35mCREATE TABLE "ar_internal_metadata" ("key" character varying NOT NULL PRIMARY KEY, "value" character varying, "created_at" timestamp NOT NULL, "updated_at" timestamp NOT NULL)[0m
  ↳ bin/rails:9
  [1m[35m (0.9ms)[0m  [1m[34mSELECT pg_try_advisory_lock(6220336080791520240)[0m
  ↳ bin/rails:9
  [1m[35m (0.8ms)[0m  [1m[34mSELECT "schema_migrations"."version" FROM "schema_migrations" ORDER BY "schema_migrations"."version" ASC[0m
  ↳ bin/rails:9
Migrating to CreateUsers (20181201021026)
  [1m[35m (0.1ms)[0m  [1m[35mBEGIN[0m
  ↳ bin/rails:9
  [1m[35m (64.7ms)[0m  [1m[35mCREATE TABLE "users" ("id" bigserial primary key, "mem_name" character varying, "user_name" character varying, "mem_info" character varying NOT NULL, "mem_birth" date, "mem_gra" date, "des_occupation" character varying, "des_location" character varying, "password_digest" character varying, "pic" character varying, "univercity" character varying, "circle" character varying, "labo" character varying, "study" character varying, "deliver" character varying, "activity" character varying, "qualification" character varying, "lang_experience" character varying, "system_ex" character varying, "flame_ex" character varying, "created_at" timestamp NOT NULL, "updated_at" timestamp NOT NULL)[0m
  ↳ db/migrate/20181201021026_create_users.rb:3
  [1m[36mActiveRecord::SchemaMigration Create (0.6ms)[0m  [1m[32mINSERT INTO "schema_migrations" ("version") VALUES ($1) RETURNING "version"[0m  [["version", "20181201021026"]]
  ↳ bin/rails:9
  [1m[35m (9.0ms)[0m  [1m[35mCOMMIT[0m
  ↳ bin/rails:9
Migrating to CreateCompanies (20181202024552)
  [1m[35m (5.0ms)[0m  [1m[35mBEGIN[0m
  ↳ bin/rails:9
  [1m[35m (39.0ms)[0m  [1m[35mCREATE TABLE "companies" ("id" bigserial primary key, "com_name" character varying, "occupations" character varying, "location" character varying, "com_info" character varying NOT NULL, "condition" character varying, "salary" integer, "password_digest" character varying, "frame" character varying, "lang" character varying, "adoption" character varying, "appeal" text, "system" character varying, "created_at" timestamp NOT NULL, "updated_at" timestamp NOT NULL)[0m
  ↳ db/migrate/20181202024552_create_companies.rb:3
  [1m[36mActiveRecord::SchemaMigration Create (0.3ms)[0m  [1m[32mINSERT INTO "schema_migrations" ("version") VALUES ($1) RETURNING "version"[0m  [["version", "20181202024552"]]
  ↳ bin/rails:9
  [1m[35m (8.6ms)[0m  [1m[35mCOMMIT[0m
  ↳ bin/rails:9
  [1m[36mActiveRecord::InternalMetadata Load (0.4ms)[0m  [1m[34mSELECT  "ar_internal_metadata".* FROM "ar_internal_metadata" WHERE "ar_internal_metadata"."key" = $1 LIMIT $2[0m  [["key", "environment"], ["LIMIT", 1]]
  ↳ bin/rails:9
  [1m[35m (0.1ms)[0m  [1m[35mBEGIN[0m
  ↳ bin/rails:9
  [1m[36mActiveRecord::InternalMetadata Create (0.5ms)[0m  [1m[32mINSERT INTO "ar_internal_metadata" ("key", "value", "created_at", "updated_at") VALUES ($1, $2, $3, $4) RETURNING "key"[0m  [["key", "environment"], ["value", "development"], ["created_at", "2018-12-05 02:18:09.063318"], ["updated_at", "2018-12-05 02:18:09.063318"]]
  ↳ bin/rails:9
  [1m[35m (7.6ms)[0m  [1m[35mCOMMIT[0m
  ↳ bin/rails:9
  [1m[35m (0.2ms)[0m  [1m[34mSELECT pg_advisory_unlock(6220336080791520240)[0m
  ↳ bin/rails:9
  [1m[35m (0.3ms)[0m  [1m[34mSELECT "schema_migrations"."version" FROM "schema_migrations" ORDER BY "schema_migrations"."version" ASC[0m
  ↳ bin/rails:9
Started GET "/" for 127.0.0.1 at 2018-12-05 11:18:18 +0900
  [1m[35m (0.6ms)[0m  [1m[34mSELECT "schema_migrations"."version" FROM "schema_migrations" ORDER BY "schema_migrations"."version" ASC[0m
  ↳ /home/xatayuu/.rbenv/versions/2.5.1/lib/ruby/gems/2.5.0/gems/activerecord-5.2.1/lib/active_record/log_subscriber.rb:98
Processing by TopsController#index as HTML
  Rendering tops/index.html.slim within layouts/application
  Rendered tops/index.html.slim within layouts/application (35.2ms)
Completed 200 OK in 8975ms (Views: 8967.4ms | ActiveRecord: 0.0ms)


Started GET "/login" for 127.0.0.1 at 2018-12-05 11:18:31 +0900
Processing by SessionsController#new as HTML
  Rendering sessions/new.html.slim within layouts/application
  Rendered sessions/new.html.slim within layouts/application (200.7ms)
Completed 200 OK in 256ms (Views: 253.2ms | ActiveRecord: 0.0ms)


Started POST "/login" for 127.0.0.1 at 2018-12-05 11:18:40 +0900
Processing by SessionsController#create as HTML
  Parameters: {"utf8"=>"✓", "authenticity_token"=>"YAe/RFTZDWSlwm7oYykvjf96eRWalUvBa3HEvezbLPyGsH6BrBcQtdrc00kE2ZyG7MObALjxmaogbds82a4oSQ==", "session"=>{"mem_info"=>"aaass", "password"=>"[FILTERED]"}, "commit"=>"ログインする"}
  [1m[36mUser Load (0.9ms)[0m  [1m[34mSELECT  "users".* FROM "users" WHERE "users"."mem_info" = $1 LIMIT $2[0m  [["mem_info", "aaass"], ["LIMIT", 1]]
  ↳ app/controllers/sessions_controller.rb:10
  Rendering sessions/new.html.slim within layouts/application
  Rendered sessions/new.html.slim within layouts/application (6.8ms)
Completed 200 OK in 134ms (Views: 82.6ms | ActiveRecord: 5.1ms)


Started GET "/users/new" for 127.0.0.1 at 2018-12-05 11:18:51 +0900
Processing by UsersController#new as HTML
  Rendering users/new.html.slim within layouts/application
  Rendered users/_form.html.slim (336.8ms)
  Rendered users/new.html.slim within layouts/application (342.8ms)
Completed 200 OK in 447ms (Views: 417.9ms | ActiveRecord: 3.2ms)


Started POST "/users" for 127.0.0.1 at 2018-12-05 11:19:53 +0900
Processing by UsersController#create as HTML
  Parameters: {"utf8"=>"✓", "authenticity_token"=>"imvUMNSMBhaDU6wGj/s0n7Z4Q2zE/hoxzF19XLk9fuI5bSdXP9bHhzWVkiYYkG4CYTZ7rwScuE6915m827fqhw==", "user"=>{"mem_name"=>"波多友聖", "user_name"=>"yuusei", "mem_info"=>"aaa", "mem_birth"=>"2007年5月30日", "mem_gra"=>"2018年5月30日", "des_occupation"=>"システムエンジニア", "des_location"=>"千葉", "password"=>"[FILTERED]", "password_confirmation"=>"[FILTERED]"}, "commit"=>"登録する"}
  [1m[35m (0.2ms)[0m  [1m[35mBEGIN[0m
  ↳ app/controllers/users_controller.rb:13
  [1m[36mUser Create (1.9ms)[0m  [1m[32mINSERT INTO "users" ("mem_name", "user_name", "mem_info", "des_occupation", "des_location", "password_digest", "created_at", "updated_at") VALUES ($1, $2, $3, $4, $5, $6, $7, $8) RETURNING "id"[0m  [["mem_name", "波多友聖"], ["user_name", "yuusei"], ["mem_info", "aaa"], ["des_occupation", "システムエンジニア"], ["des_location", "千葉"], ["password_digest", "$2a$10$1vKD/L0qVs/4BepQjkpixOSNuuLW27NhCixFtpxiD8owrt3215xge"], ["created_at", "2018-12-05 02:19:54.042357"], ["updated_at", "2018-12-05 02:19:54.042357"]]
  ↳ app/controllers/users_controller.rb:13
  [1m[35m (14.3ms)[0m  [1m[35mCOMMIT[0m
  ↳ app/controllers/users_controller.rb:13
Redirected to http://localhost:3000/users
Completed 302 Found in 132ms (ActiveRecord: 16.5ms)


Started GET "/users" for 127.0.0.1 at 2018-12-05 11:19:54 +0900
Processing by UsersController#index as HTML
  Rendering users/index.html.slim within layouts/application
  Rendered users/index.html.slim within layouts/application (3.5ms)
Completed 200 OK in 59ms (Views: 56.0ms | ActiveRecord: 0.0ms)


Started GET "/login" for 127.0.0.1 at 2018-12-05 11:20:03 +0900
Processing by SessionsController#new as HTML
  Rendering sessions/new.html.slim within layouts/application
  Rendered sessions/new.html.slim within layouts/application (6.4ms)
Completed 200 OK in 58ms (Views: 55.1ms | ActiveRecord: 0.0ms)


Started POST "/login" for 127.0.0.1 at 2018-12-05 11:20:04 +0900
Processing by SessionsController#create as HTML
  Parameters: {"utf8"=>"✓", "authenticity_token"=>"jlM6CF8+0PGza4v/Qj+VOqxMiOUDhZHCMKuqI0clY5No5PvNp/DNIMx1Nl4lzyYxv/Vq8CHhQ6l7t7WiclBnJg==", "session"=>{"mem_info"=>"yuusei", "password"=>"[FILTERED]"}, "commit"=>"ログインする"}
  [1m[36mUser Load (0.5ms)[0m  [1m[34mSELECT  "users".* FROM "users" WHERE "users"."mem_info" = $1 LIMIT $2[0m  [["mem_info", "yuusei"], ["LIMIT", 1]]
  ↳ app/controllers/sessions_controller.rb:10
  Rendering sessions/new.html.slim within layouts/application
  Rendered sessions/new.html.slim within layouts/application (6.2ms)
Completed 200 OK in 72ms (Views: 63.6ms | ActiveRecord: 0.5ms)


Started POST "/login" for 127.0.0.1 at 2018-12-05 11:20:10 +0900
Processing by SessionsController#create as HTML
  Parameters: {"utf8"=>"✓", "authenticity_token"=>"ay3Q+987fwY8SEnl2YQ3+G13lkmovpD5IVYAef0HEY2iWhxOGln66/J4c3cmHhtvfKjrbu5UnIBUUpjBt1Gzzg==", "session"=>{"mem_info"=>"aaa", "password"=>"[FILTERED]"}, "commit"=>"ログインする"}
  [1m[36mUser Load (0.4ms)[0m  [1m[34mSELECT  "users".* FROM "users" WHERE "users"."mem_info" = $1 LIMIT $2[0m  [["mem_info", "aaa"], ["LIMIT", 1]]
  ↳ app/controllers/sessions_controller.rb:10
Redirected to http://localhost:3000/user_pages
Completed 302 Found in 112ms (ActiveRecord: 0.4ms)


Started GET "/user_pages" for 127.0.0.1 at 2018-12-05 11:20:10 +0900
Processing by UserPagesController#index as HTML
  [1m[36mUser Load (0.3ms)[0m  [1m[34mSELECT  "users".* FROM "users" WHERE "users"."id" = $1 LIMIT $2[0m  [["id", 1], ["LIMIT", 1]]
  ↳ app/controllers/application_controller.rb:9
  Rendering user_pages/index.html.slim within layouts/application
  Rendered user_pages/index.html.slim within layouts/application (5.6ms)
Completed 200 OK in 64ms (Views: 59.1ms | ActiveRecord: 0.3ms)


